  main.cpp
main.obj : error LNK2019: unresolved external symbol "__declspec(dllimport) public: __thiscall OpenXLSX::XLCellReference::XLCellReference(class std::basic_string<char,struct std::char_traits<char>,class std::allocator<char> > const &)" (__imp_??0XLCellReference@OpenXLSX@@QAE@ABV?$basic_string@DU?$char_traits@D@std@@V?$allocator@D@2@@std@@@Z) referenced in function _main
main.obj : error LNK2019: unresolved external symbol "__declspec(dllimport) public: __thiscall OpenXLSX::XLCellReference::~XLCellReference(void)" (__imp_??1XLCellReference@OpenXLSX@@QAE@XZ) referenced in function _main
main.obj : error LNK2019: unresolved external symbol "__declspec(dllimport) public: __thiscall OpenXLSX::XLCellValue::~XLCellValue(void)" (__imp_??1XLCellValue@OpenXLSX@@QAE@XZ) referenced in function _main
main.obj : error LNK2019: unresolved external symbol "__declspec(dllimport) public: class OpenXLSX::XLCellValue & __thiscall OpenXLSX::XLCellValue::operator=(class OpenXLSX::XLCellValue &&)" (__imp_??4XLCellValue@OpenXLSX@@QAEAAV01@$$QAV01@@Z) referenced in function _main
main.obj : error LNK2019: unresolved external symbol "__declspec(dllimport) public: class OpenXLSX::XLCellValue & __thiscall OpenXLSX::XLCellValue::operator=(char const *)" (__imp_??4XLCellValue@OpenXLSX@@QAEAAV01@PBD@Z) referenced in function _main
main.obj : error LNK2019: unresolved external symbol "__declspec(dllimport) public: enum OpenXLSX::XLValueType __thiscall OpenXLSX::XLCellValue::valueType(void)const " (__imp_?valueType@XLCellValue@OpenXLSX@@QBE?AW4XLValueType@2@XZ) referenced in function _main
main.obj : error LNK2019: unresolved external symbol "__declspec(dllimport) private: void __thiscall OpenXLSX::XLCellValue::setInteger(__int64)" (__imp_?setInteger@XLCellValue@OpenXLSX@@AAEX_J@Z) referenced in function "public: void __thiscall OpenXLSX::XLCellValue::set<int,0>(int)" (??$set@H$0A@@XLCellValue@OpenXLSX@@QAEXH@Z)
main.obj : error LNK2019: unresolved external symbol "__declspec(dllimport) private: void __thiscall OpenXLSX::XLCellValue::setBoolean(bool)" (__imp_?setBoolean@XLCellValue@OpenXLSX@@AAEX_N@Z) referenced in function "public: void __thiscall OpenXLSX::XLCellValue::set<bool,0>(bool)" (??$set@_N$0A@@XLCellValue@OpenXLSX@@QAEX_N@Z)
main.obj : error LNK2019: unresolved external symbol "__declspec(dllimport) private: void __thiscall OpenXLSX::XLCellValue::setFloat(double)" (__imp_?setFloat@XLCellValue@OpenXLSX@@AAEXN@Z) referenced in function "public: void __thiscall OpenXLSX::XLCellValue::set<double,0>(double)" (??$set@N$0A@@XLCellValue@OpenXLSX@@QAEXN@Z)
main.obj : error LNK2019: unresolved external symbol "__declspec(dllimport) private: __int64 __thiscall OpenXLSX::XLCellValue::getInteger(void)const " (__imp_?getInteger@XLCellValue@OpenXLSX@@ABE_JXZ) referenced in function "public: int __thiscall OpenXLSX::XLCellValue::get<int,0>(void)" (??$get@H$0A@@XLCellValue@OpenXLSX@@QAEHXZ)
main.obj : error LNK2019: unresolved external symbol "__declspec(dllimport) private: bool __thiscall OpenXLSX::XLCellValue::getBoolean(void)const " (__imp_?getBoolean@XLCellValue@OpenXLSX@@ABE_NXZ) referenced in function "public: bool __thiscall OpenXLSX::XLCellValue::get<bool,0>(void)" (??$get@_N$0A@@XLCellValue@OpenXLSX@@QAE_NXZ)
main.obj : error LNK2019: unresolved external symbol "__declspec(dllimport) private: long double __thiscall OpenXLSX::XLCellValue::getFloat(void)const " (__imp_?getFloat@XLCellValue@OpenXLSX@@ABEOXZ) referenced in function "public: double __thiscall OpenXLSX::XLCellValue::get<double,0>(void)" (??$get@N$0A@@XLCellValue@OpenXLSX@@QAENXZ)
main.obj : error LNK2019: unresolved external symbol "__declspec(dllimport) private: char const * __thiscall OpenXLSX::XLCellValue::getString(void)const " (__imp_?getString@XLCellValue@OpenXLSX@@ABEPBDXZ) referenced in function "public: class std::basic_string<char,struct std::char_traits<char>,class std::allocator<char> > __thiscall OpenXLSX::XLCellValue::get<class std::basic_string<char,struct std::char_traits<char>,class std::allocator<char> >,0>(void)" (??$get@V?$basic_string@DU?$char_traits@D@std@@V?$allocator@D@2@@std@@$0A@@XLCellValue@OpenXLSX@@QAE?AV?$basic_string@DU?$char_traits@D@std@@V?$allocator@D@2@@std@@XZ)
main.obj : error LNK2019: unresolved external symbol "__declspec(dllimport) public: __thiscall OpenXLSX::XLCell::~XLCell(void)" (__imp_??1XLCell@OpenXLSX@@QAE@XZ) referenced in function _main
main.obj : error LNK2019: unresolved external symbol "__declspec(dllimport) public: class OpenXLSX::XLCellValue __thiscall OpenXLSX::XLCell::value(void)const " (__imp_?value@XLCell@OpenXLSX@@QBE?AVXLCellValue@2@XZ) referenced in function _main
main.obj : error LNK2019: unresolved external symbol "__declspec(dllimport) public: __thiscall OpenXLSX::XLWorkbook::~XLWorkbook(void)" (__imp_??1XLWorkbook@OpenXLSX@@QAE@XZ) referenced in function _main
main.obj : error LNK2019: unresolved external symbol "__declspec(dllimport) public: class OpenXLSX::XLWorksheet __thiscall OpenXLSX::XLWorkbook::worksheet(class std::basic_string<char,struct std::char_traits<char>,class std::allocator<char> > const &)" (__imp_?worksheet@XLWorkbook@OpenXLSX@@QAE?AVXLWorksheet@2@ABV?$basic_string@DU?$char_traits@D@std@@V?$allocator@D@2@@std@@@Z) referenced in function _main
main.obj : error LNK2019: unresolved external symbol "__declspec(dllimport) public: __thiscall OpenXLSX::XLDocument::XLDocument(void)" (__imp_??0XLDocument@OpenXLSX@@QAE@XZ) referenced in function _main
main.obj : error LNK2019: unresolved external symbol "__declspec(dllimport) public: __thiscall OpenXLSX::XLDocument::~XLDocument(void)" (__imp_??1XLDocument@OpenXLSX@@QAE@XZ) referenced in function _main
main.obj : error LNK2019: unresolved external symbol "__declspec(dllimport) public: void __thiscall OpenXLSX::XLDocument::create(class std::basic_string<char,struct std::char_traits<char>,class std::allocator<char> > const &)" (__imp_?create@XLDocument@OpenXLSX@@QAEXABV?$basic_string@DU?$char_traits@D@std@@V?$allocator@D@2@@std@@@Z) referenced in function _main
main.obj : error LNK2019: unresolved external symbol "__declspec(dllimport) public: void __thiscall OpenXLSX::XLDocument::save(void)" (__imp_?save@XLDocument@OpenXLSX@@QAEXXZ) referenced in function _main
main.obj : error LNK2019: unresolved external symbol "__declspec(dllimport) public: class OpenXLSX::XLWorkbook __thiscall OpenXLSX::XLDocument::workbook(void)const " (__imp_?workbook@XLDocument@OpenXLSX@@QBE?AVXLWorkbook@2@XZ) referenced in function _main
main.obj : error LNK2019: unresolved external symbol "__declspec(dllimport) public: __thiscall OpenXLSX::XLWorksheet::~XLWorksheet(void)" (__imp_??1XLWorksheet@OpenXLSX@@QAE@XZ) referenced in function _main
main.obj : error LNK2019: unresolved external symbol "__declspec(dllimport) public: class OpenXLSX::XLCell __thiscall OpenXLSX::XLWorksheet::cell(class OpenXLSX::XLCellReference const &)" (__imp_?cell@XLWorksheet@OpenXLSX@@QAE?AVXLCell@2@ABVXLCellReference@2@@Z) referenced in function _main
F:\ExcelParsingProgram\ThridParty\OpenXLSX\lib\OpenXLSX-shared.lib : warning LNK4272: library machine type 'x64' conflicts with target machine type 'x86'
F:\ExcelParsingProgram\Debug\ExcelParsingProgram.exe : fatal error LNK1120: 24 unresolved externals
